{"total": {"lines":{"total":190,"covered":164,"skipped":0,"pct":86.32},"statements":{"total":208,"covered":172,"skipped":0,"pct":82.69},"functions":{"total":69,"covered":58,"skipped":0,"pct":84.06},"branches":{"total":71,"covered":48,"skipped":0,"pct":67.61}}
,"D:\\Documents\\Private\\DNA\\Kemendagri\\develop\\skeleton-api\\dist\\middleware\\apiDocs.js": {"lines":{"total":6,"covered":6,"skipped":0,"pct":100},"functions":{"total":2,"covered":2,"skipped":0,"pct":100},"statements":{"total":7,"covered":7,"skipped":0,"pct":100},"branches":{"total":7,"covered":6,"skipped":0,"pct":85.71}}
,"D:\\Documents\\Private\\DNA\\Kemendagri\\develop\\skeleton-api\\dist\\middleware\\checks.js": {"lines":{"total":6,"covered":6,"skipped":0,"pct":100},"functions":{"total":1,"covered":1,"skipped":0,"pct":100},"statements":{"total":6,"covered":6,"skipped":0,"pct":100},"branches":{"total":2,"covered":2,"skipped":0,"pct":100}}
,"D:\\Documents\\Private\\DNA\\Kemendagri\\develop\\skeleton-api\\dist\\middleware\\common.js": {"lines":{"total":12,"covered":12,"skipped":0,"pct":100},"functions":{"total":4,"covered":4,"skipped":0,"pct":100},"statements":{"total":13,"covered":13,"skipped":0,"pct":100},"branches":{"total":7,"covered":6,"skipped":0,"pct":85.71}}
,"D:\\Documents\\Private\\DNA\\Kemendagri\\develop\\skeleton-api\\dist\\middleware\\errorHandlers.js": {"lines":{"total":18,"covered":13,"skipped":0,"pct":72.22},"functions":{"total":7,"covered":6,"skipped":0,"pct":85.71},"statements":{"total":22,"covered":14,"skipped":0,"pct":63.64},"branches":{"total":11,"covered":6,"skipped":0,"pct":54.55}}
,"D:\\Documents\\Private\\DNA\\Kemendagri\\develop\\skeleton-api\\dist\\middleware\\index.js": {"lines":{"total":4,"covered":4,"skipped":0,"pct":100},"functions":{"total":0,"covered":0,"skipped":0,"pct":100},"statements":{"total":4,"covered":4,"skipped":0,"pct":100},"branches":{"total":0,"covered":0,"skipped":0,"pct":100}}
,"D:\\Documents\\Private\\DNA\\Kemendagri\\develop\\skeleton-api\\dist\\services\\participant\\EmailController.js": {"lines":{"total":14,"covered":12,"skipped":0,"pct":85.71},"functions":{"total":10,"covered":9,"skipped":0,"pct":90},"statements":{"total":20,"covered":15,"skipped":0,"pct":75},"branches":{"total":13,"covered":11,"skipped":0,"pct":84.62}}
,"D:\\Documents\\Private\\DNA\\Kemendagri\\develop\\skeleton-api\\dist\\services\\participant\\routes.js": {"lines":{"total":16,"covered":13,"skipped":0,"pct":81.25},"functions":{"total":11,"covered":7,"skipped":0,"pct":63.64},"statements":{"total":21,"covered":14,"skipped":0,"pct":66.67},"branches":{"total":11,"covered":10,"skipped":0,"pct":90.91}}
,"D:\\Documents\\Private\\DNA\\Kemendagri\\develop\\skeleton-api\\dist\\utils\\ErrorHandler.js": {"lines":{"total":14,"covered":9,"skipped":0,"pct":64.29},"functions":{"total":3,"covered":2,"skipped":0,"pct":66.67},"statements":{"total":14,"covered":9,"skipped":0,"pct":64.29},"branches":{"total":4,"covered":1,"skipped":0,"pct":25}}
,"D:\\Documents\\Private\\DNA\\Kemendagri\\develop\\skeleton-api\\dist\\utils\\httpErrors.js": {"lines":{"total":13,"covered":12,"skipped":0,"pct":92.31},"functions":{"total":3,"covered":3,"skipped":0,"pct":100},"statements":{"total":13,"covered":12,"skipped":0,"pct":92.31},"branches":{"total":4,"covered":1,"skipped":0,"pct":25}}
,"D:\\Documents\\Private\\DNA\\Kemendagri\\develop\\skeleton-api\\dist\\utils\\index.js": {"lines":{"total":8,"covered":8,"skipped":0,"pct":100},"functions":{"total":2,"covered":2,"skipped":0,"pct":100},"statements":{"total":8,"covered":8,"skipped":0,"pct":100},"branches":{"total":0,"covered":0,"skipped":0,"pct":100}}
,"D:\\Documents\\Private\\DNA\\Kemendagri\\develop\\skeleton-api\\src\\middleware\\apiDocs.ts": {"lines":{"total":4,"covered":4,"skipped":0,"pct":100},"functions":{"total":1,"covered":1,"skipped":0,"pct":100},"statements":{"total":4,"covered":4,"skipped":0,"pct":100},"branches":{"total":0,"covered":0,"skipped":0,"pct":100}}
,"D:\\Documents\\Private\\DNA\\Kemendagri\\develop\\skeleton-api\\src\\middleware\\checks.ts": {"lines":{"total":5,"covered":5,"skipped":0,"pct":100},"functions":{"total":1,"covered":1,"skipped":0,"pct":100},"statements":{"total":5,"covered":5,"skipped":0,"pct":100},"branches":{"total":2,"covered":2,"skipped":0,"pct":100}}
,"D:\\Documents\\Private\\DNA\\Kemendagri\\develop\\skeleton-api\\src\\middleware\\common.ts": {"lines":{"total":10,"covered":10,"skipped":0,"pct":100},"functions":{"total":3,"covered":3,"skipped":0,"pct":100},"statements":{"total":10,"covered":10,"skipped":0,"pct":100},"branches":{"total":0,"covered":0,"skipped":0,"pct":100}}
,"D:\\Documents\\Private\\DNA\\Kemendagri\\develop\\skeleton-api\\src\\middleware\\errorHandlers.ts": {"lines":{"total":11,"covered":10,"skipped":0,"pct":90.91},"functions":{"total":6,"covered":5,"skipped":0,"pct":83.33},"statements":{"total":11,"covered":10,"skipped":0,"pct":90.91},"branches":{"total":0,"covered":0,"skipped":0,"pct":100}}
,"D:\\Documents\\Private\\DNA\\Kemendagri\\develop\\skeleton-api\\src\\middleware\\index.ts": {"lines":{"total":3,"covered":3,"skipped":0,"pct":100},"functions":{"total":0,"covered":0,"skipped":0,"pct":100},"statements":{"total":3,"covered":3,"skipped":0,"pct":100},"branches":{"total":0,"covered":0,"skipped":0,"pct":100}}
,"D:\\Documents\\Private\\DNA\\Kemendagri\\develop\\skeleton-api\\src\\services\\participant\\EmailController.ts": {"lines":{"total":6,"covered":5,"skipped":0,"pct":83.33},"functions":{"total":3,"covered":3,"skipped":0,"pct":100},"statements":{"total":7,"covered":6,"skipped":0,"pct":85.71},"branches":{"total":2,"covered":1,"skipped":0,"pct":50}}
,"D:\\Documents\\Private\\DNA\\Kemendagri\\develop\\skeleton-api\\src\\services\\participant\\routes.ts": {"lines":{"total":8,"covered":6,"skipped":0,"pct":75},"functions":{"total":4,"covered":2,"skipped":0,"pct":50},"statements":{"total":8,"covered":6,"skipped":0,"pct":75},"branches":{"total":0,"covered":0,"skipped":0,"pct":100}}
,"D:\\Documents\\Private\\DNA\\Kemendagri\\develop\\skeleton-api\\src\\utils\\ErrorHandler.ts": {"lines":{"total":13,"covered":8,"skipped":0,"pct":61.54},"functions":{"total":3,"covered":2,"skipped":0,"pct":66.67},"statements":{"total":13,"covered":8,"skipped":0,"pct":61.54},"branches":{"total":4,"covered":1,"skipped":0,"pct":25}}
,"D:\\Documents\\Private\\DNA\\Kemendagri\\develop\\skeleton-api\\src\\utils\\httpErrors.ts": {"lines":{"total":12,"covered":11,"skipped":0,"pct":91.67},"functions":{"total":3,"covered":3,"skipped":0,"pct":100},"statements":{"total":12,"covered":11,"skipped":0,"pct":91.67},"branches":{"total":4,"covered":1,"skipped":0,"pct":25}}
,"D:\\Documents\\Private\\DNA\\Kemendagri\\develop\\skeleton-api\\src\\utils\\index.ts": {"lines":{"total":7,"covered":7,"skipped":0,"pct":100},"functions":{"total":2,"covered":2,"skipped":0,"pct":100},"statements":{"total":7,"covered":7,"skipped":0,"pct":100},"branches":{"total":0,"covered":0,"skipped":0,"pct":100}}
}
