{"D:\\Documents\\Private\\DNA\\Kemendagri\\develop\\skeleton-api\\src\\middleware\\apiDocs.ts": {"path":"D:\\Documents\\Private\\DNA\\Kemendagri\\develop\\skeleton-api\\src\\middleware\\apiDocs.ts","statementMap":{"0":{"start":{"line":2,"column":0},"end":{"line":2,"column":43}},"1":{"start":{"line":3,"column":0},"end":{"line":3,"column":53}},"2":{"start":{"line":5,"column":13},"end":{"line":6,"column":79}},"3":{"start":{"line":6,"column":4},"end":{"line":6,"column":78}}},"fnMap":{"0":{"name":"(anonymous_1)","decl":{"start":{"line":5,"column":29},"end":{"line":5,"column":30}},"loc":{"start":{"line":6,"column":4},"end":{"line":6,"column":78}}}},"branchMap":{},"s":{"0":1,"1":1,"2":1,"3":3},"f":{"0":3},"b":{}}
,"D:\\Documents\\Private\\DNA\\Kemendagri\\develop\\skeleton-api\\src\\middleware\\checks.ts": {"path":"D:\\Documents\\Private\\DNA\\Kemendagri\\develop\\skeleton-api\\src\\middleware\\checks.ts","statementMap":{"0":{"start":{"line":2,"column":0},"end":{"line":2,"column":51}},"1":{"start":{"line":4,"column":13},"end":{"line":14,"column":2}},"2":{"start":{"line":9,"column":4},"end":{"line":13,"column":null}},"3":{"start":{"line":10,"column":8},"end":{"line":10,"column":58}},"4":{"start":{"line":12,"column":8},"end":{"line":12,"column":15}}},"fnMap":{"0":{"name":"(anonymous_0)","decl":{"start":{"line":4,"column":32},"end":{"line":4,"column":null}},"loc":{"start":{"line":8,"column":4},"end":{"line":14,"column":1}}}},"branchMap":{"0":{"loc":{"start":{"line":9,"column":4},"end":{"line":13,"column":null}},"type":"if","locations":[{"start":{"line":9,"column":4},"end":{"line":13,"column":null}},{"start":{"line":9,"column":4},"end":{"line":13,"column":null}}]}},"s":{"0":1,"1":1,"2":2,"3":1,"4":1},"f":{"0":2},"b":{"0":[1,1]}}
,"D:\\Documents\\Private\\DNA\\Kemendagri\\develop\\skeleton-api\\src\\middleware\\common.ts": {"path":"D:\\Documents\\Private\\DNA\\Kemendagri\\develop\\skeleton-api\\src\\middleware\\common.ts","statementMap":{"0":{"start":{"line":2,"column":0},"end":{"line":2,"column":24}},"1":{"start":{"line":3,"column":0},"end":{"line":3,"column":33}},"2":{"start":{"line":4,"column":0},"end":{"line":4,"column":38}},"3":{"start":{"line":6,"column":13},"end":{"line":7,"column":56}},"4":{"start":{"line":7,"column":4},"end":{"line":7,"column":55}},"5":{"start":{"line":9,"column":13},"end":{"line":12,"column":2}},"6":{"start":{"line":10,"column":4},"end":{"line":10,"column":52}},"7":{"start":{"line":11,"column":4},"end":{"line":11,"column":30}},"8":{"start":{"line":14,"column":13},"end":{"line":16,"column":2}},"9":{"start":{"line":15,"column":4},"end":{"line":15,"column":30}}},"fnMap":{"0":{"name":"(anonymous_1)","decl":{"start":{"line":6,"column":26},"end":{"line":6,"column":27}},"loc":{"start":{"line":7,"column":4},"end":{"line":7,"column":55}}},"1":{"name":"(anonymous_2)","decl":{"start":{"line":9,"column":40},"end":{"line":9,"column":41}},"loc":{"start":{"line":9,"column":59},"end":{"line":12,"column":1}}},"2":{"name":"(anonymous_3)","decl":{"start":{"line":14,"column":33},"end":{"line":14,"column":34}},"loc":{"start":{"line":14,"column":52},"end":{"line":16,"column":1}}}},"branchMap":{},"s":{"0":1,"1":1,"2":1,"3":1,"4":3,"5":1,"6":3,"7":3,"8":1,"9":3},"f":{"0":3,"1":3,"2":3},"b":{}}
,"D:\\Documents\\Private\\DNA\\Kemendagri\\develop\\skeleton-api\\src\\middleware\\errorHandlers.ts": {"path":"D:\\Documents\\Private\\DNA\\Kemendagri\\develop\\skeleton-api\\src\\middleware\\errorHandlers.ts","statementMap":{"0":{"start":{"line":2,"column":0},"end":{"line":2,"column":54}},"1":{"start":{"line":4,"column":23},"end":{"line":8,"column":1}},"2":{"start":{"line":5,"column":4},"end":{"line":7,"column":7}},"3":{"start":{"line":6,"column":8},"end":{"line":6,"column":37}},"4":{"start":{"line":10,"column":27},"end":{"line":14,"column":1}},"5":{"start":{"line":11,"column":4},"end":{"line":13,"column":7}},"6":{"start":{"line":12,"column":8},"end":{"line":12,"column":49}},"7":{"start":{"line":16,"column":27},"end":{"line":20,"column":1}},"8":{"start":{"line":17,"column":4},"end":{"line":19,"column":7}},"9":{"start":{"line":18,"column":8},"end":{"line":18,"column":49}},"10":{"start":{"line":22,"column":0},"end":{"line":22,"column":72}}},"fnMap":{"0":{"name":"(anonymous_1)","decl":{"start":{"line":4,"column":23},"end":{"line":4,"column":24}},"loc":{"start":{"line":4,"column":42},"end":{"line":8,"column":1}}},"1":{"name":"(anonymous_2)","decl":{"start":{"line":5,"column":15},"end":{"line":5,"column":16}},"loc":{"start":{"line":5,"column":47},"end":{"line":7,"column":5}}},"2":{"name":"(anonymous_3)","decl":{"start":{"line":10,"column":27},"end":{"line":10,"column":28}},"loc":{"start":{"line":10,"column":46},"end":{"line":14,"column":1}}},"3":{"name":"(anonymous_4)","decl":{"start":{"line":11,"column":15},"end":{"line":11,"column":16}},"loc":{"start":{"line":11,"column":79},"end":{"line":13,"column":5}}},"4":{"name":"(anonymous_5)","decl":{"start":{"line":16,"column":27},"end":{"line":16,"column":28}},"loc":{"start":{"line":16,"column":46},"end":{"line":20,"column":1}}},"5":{"name":"(anonymous_6)","decl":{"start":{"line":17,"column":15},"end":{"line":17,"column":16}},"loc":{"start":{"line":17,"column":79},"end":{"line":19,"column":5}}}},"branchMap":{},"s":{"0":1,"1":1,"2":3,"3":1,"4":1,"5":3,"6":2,"7":1,"8":3,"9":0,"10":1},"f":{"0":3,"1":1,"2":3,"3":2,"4":3,"5":0},"b":{}}
,"D:\\Documents\\Private\\DNA\\Kemendagri\\develop\\skeleton-api\\src\\middleware\\index.ts": {"path":"D:\\Documents\\Private\\DNA\\Kemendagri\\develop\\skeleton-api\\src\\middleware\\index.ts","statementMap":{"0":{"start":{"line":1,"column":0},"end":{"line":1,"column":81}},"1":{"start":{"line":2,"column":0},"end":{"line":2,"column":40}},"2":{"start":{"line":4,"column":0},"end":{"line":4,"column":88}}},"fnMap":{},"branchMap":{},"s":{"0":1,"1":1,"2":1},"f":{},"b":{}}
,"D:\\Documents\\Private\\DNA\\Kemendagri\\develop\\skeleton-api\\src\\services\\participant\\EmailController.ts": {"path":"D:\\Documents\\Private\\DNA\\Kemendagri\\develop\\skeleton-api\\src\\services\\participant\\EmailController.ts","statementMap":{"0":{"start":{"line":1,"column":13},"end":{"line":17,"column":2}},"1":{"start":{"line":1,"column":47},"end":{"line":17,"column":2}},"2":{"start":{"line":3,"column":8},"end":{"line":3,"column":21}},"3":{"start":{"line":6,"column":19},"end":{"line":6,"column":44}},"4":{"start":{"line":7,"column":4},"end":{"line":12,"column":null}},"5":{"start":{"line":8,"column":8},"end":{"line":11,"column":null}},"6":{"start":{"line":13,"column":4},"end":{"line":16,"column":null}}},"fnMap":{"0":{"name":"(anonymous_7)","decl":{"start":{"line":1,"column":23},"end":{"line":1,"column":30}},"loc":{"start":{"line":1,"column":47},"end":{"line":17,"column":2}}},"1":{"name":"(anonymous_8)","decl":{"start":{"line":1,"column":47},"end":{"line":1,"column":null}},"loc":{"start":{"line":1,"column":47},"end":{"line":17,"column":1}}},"2":{"name":"emailChecker","decl":{"start":{"line":2,"column":13},"end":{"line":2,"column":25}},"loc":{"start":{"line":2,"column":35},"end":{"line":4,"column":5}}}},"branchMap":{"0":{"loc":{"start":{"line":7,"column":4},"end":{"line":12,"column":null}},"type":"if","locations":[{"start":{"line":7,"column":4},"end":{"line":12,"column":null}},{"start":{"line":7,"column":4},"end":{"line":12,"column":null}}]}},"s":{"0":2,"1":3,"2":3,"3":3,"4":3,"5":0,"6":3},"f":{"0":3,"1":3,"2":3},"b":{"0":[0,3]}}
,"D:\\Documents\\Private\\DNA\\Kemendagri\\develop\\skeleton-api\\src\\services\\participant\\routes.ts": {"path":"D:\\Documents\\Private\\DNA\\Kemendagri\\develop\\skeleton-api\\src\\services\\participant\\routes.ts","statementMap":{"0":{"start":{"line":2,"column":0},"end":{"line":2,"column":42}},"1":{"start":{"line":3,"column":0},"end":{"line":3,"column":59}},"2":{"start":{"line":5,"column":0},"end":{"line":24,"column":2}},"3":{"start":{"line":9,"column":55},"end":{"line":11,"column":null}},"4":{"start":{"line":10,"column":12},"end":{"line":10,"column":37}},"5":{"start":{"line":18,"column":56},"end":{"line":21,"column":null}},"6":{"start":{"line":19,"column":27},"end":{"line":19,"column":53}},"7":{"start":{"line":20,"column":12},"end":{"line":20,"column":41}}},"fnMap":{"0":{"name":"(anonymous_7)","decl":{"start":{"line":9,"column":17},"end":{"line":9,"column":24}},"loc":{"start":{"line":9,"column":55},"end":{"line":11,"column":null}}},"1":{"name":"(anonymous_8)","decl":{"start":{"line":9,"column":55},"end":{"line":9,"column":null}},"loc":{"start":{"line":9,"column":55},"end":{"line":11,"column":9}}},"2":{"name":"(anonymous_9)","decl":{"start":{"line":18,"column":12},"end":{"line":18,"column":19}},"loc":{"start":{"line":18,"column":56},"end":{"line":21,"column":null}}},"3":{"name":"(anonymous_10)","decl":{"start":{"line":18,"column":56},"end":{"line":18,"column":null}},"loc":{"start":{"line":18,"column":56},"end":{"line":21,"column":13}}}},"branchMap":{},"s":{"0":1,"1":1,"2":1,"3":0,"4":0,"5":1,"6":1,"7":1},"f":{"0":0,"1":0,"2":1,"3":1},"b":{}}
,"D:\\Documents\\Private\\DNA\\Kemendagri\\develop\\skeleton-api\\src\\utils\\ErrorHandler.ts": {"path":"D:\\Documents\\Private\\DNA\\Kemendagri\\develop\\skeleton-api\\src\\utils\\ErrorHandler.ts","statementMap":{"0":{"start":{"line":2,"column":0},"end":{"line":2,"column":59}},"1":{"start":{"line":4,"column":13},"end":{"line":6,"column":2}},"2":{"start":{"line":5,"column":4},"end":{"line":5,"column":48}},"3":{"start":{"line":8,"column":13},"end":{"line":15,"column":2}},"4":{"start":{"line":9,"column":4},"end":{"line":14,"column":null}},"5":{"start":{"line":10,"column":8},"end":{"line":10,"column":26}},"6":{"start":{"line":11,"column":8},"end":{"line":11,"column":53}},"7":{"start":{"line":13,"column":8},"end":{"line":13,"column":18}},"8":{"start":{"line":17,"column":13},"end":{"line":24,"column":2}},"9":{"start":{"line":18,"column":4},"end":{"line":18,"column":23}},"10":{"start":{"line":19,"column":4},"end":{"line":23,"column":null}},"11":{"start":{"line":20,"column":8},"end":{"line":20,"column":54}},"12":{"start":{"line":22,"column":8},"end":{"line":22,"column":40}}},"fnMap":{"0":{"name":"(anonymous_0)","decl":{"start":{"line":4,"column":29},"end":{"line":4,"column":32}},"loc":{"start":{"line":4,"column":34},"end":{"line":6,"column":1}}},"1":{"name":"(anonymous_1)","decl":{"start":{"line":8,"column":27},"end":{"line":8,"column":28}},"loc":{"start":{"line":8,"column":77},"end":{"line":15,"column":1}}},"2":{"name":"(anonymous_2)","decl":{"start":{"line":17,"column":27},"end":{"line":17,"column":28}},"loc":{"start":{"line":17,"column":77},"end":{"line":24,"column":1}}}},"branchMap":{"0":{"loc":{"start":{"line":9,"column":4},"end":{"line":14,"column":null}},"type":"if","locations":[{"start":{"line":9,"column":4},"end":{"line":14,"column":null}},{"start":{"line":9,"column":4},"end":{"line":14,"column":null}}]},"1":{"loc":{"start":{"line":19,"column":4},"end":{"line":23,"column":null}},"type":"if","locations":[{"start":{"line":19,"column":4},"end":{"line":23,"column":null}},{"start":{"line":19,"column":4},"end":{"line":23,"column":null}}]}},"s":{"0":1,"1":1,"2":1,"3":1,"4":2,"5":2,"6":2,"7":0,"8":1,"9":0,"10":0,"11":0,"12":0},"f":{"0":1,"1":2,"2":0},"b":{"0":[2,0],"1":[0,0]}}
,"D:\\Documents\\Private\\DNA\\Kemendagri\\develop\\skeleton-api\\src\\utils\\httpErrors.ts": {"path":"D:\\Documents\\Private\\DNA\\Kemendagri\\develop\\skeleton-api\\src\\utils\\httpErrors.ts","statementMap":{"0":{"start":{"line":6,"column":8},"end":{"line":10,"column":null}},"1":{"start":{"line":7,"column":12},"end":{"line":7,"column":43}},"2":{"start":{"line":9,"column":12},"end":{"line":9,"column":27}},"3":{"start":{"line":11,"column":8},"end":{"line":11,"column":42}},"4":{"start":{"line":12,"column":8},"end":{"line":12,"column":56}},"5":{"start":{"line":1,"column":0},"end":{"line":1,"column":22}},"6":{"start":{"line":20,"column":8},"end":{"line":20,"column":23}},"7":{"start":{"line":17,"column":13},"end":{"line":17,"column":30}},"8":{"start":{"line":16,"column":0},"end":{"line":16,"column":13}},"9":{"start":{"line":28,"column":8},"end":{"line":28,"column":23}},"10":{"start":{"line":25,"column":13},"end":{"line":25,"column":30}},"11":{"start":{"line":24,"column":0},"end":{"line":24,"column":13}}},"fnMap":{"0":{"name":"(anonymous_0)","decl":{"start":{"line":5,"column":4},"end":{"line":5,"column":16}},"loc":{"start":{"line":5,"column":40},"end":{"line":13,"column":5}}},"1":{"name":"(anonymous_1)","decl":{"start":{"line":19,"column":4},"end":{"line":19,"column":16}},"loc":{"start":{"line":19,"column":56},"end":{"line":21,"column":5}}},"2":{"name":"(anonymous_2)","decl":{"start":{"line":27,"column":4},"end":{"line":27,"column":16}},"loc":{"start":{"line":27,"column":54},"end":{"line":29,"column":5}}}},"branchMap":{"0":{"loc":{"start":{"line":6,"column":8},"end":{"line":10,"column":null}},"type":"if","locations":[{"start":{"line":6,"column":8},"end":{"line":10,"column":null}},{"start":{"line":6,"column":8},"end":{"line":10,"column":null}}]},"1":{"loc":{"start":{"line":19,"column":43},"end":{"line":19,"column":56}},"type":"default-arg","locations":[{"start":{"line":19,"column":43},"end":{"line":19,"column":56}}]},"2":{"loc":{"start":{"line":27,"column":43},"end":{"line":27,"column":54}},"type":"default-arg","locations":[{"start":{"line":27,"column":43},"end":{"line":27,"column":54}}]}},"s":{"0":2,"1":0,"2":2,"3":2,"4":2,"5":1,"6":1,"7":1,"8":1,"9":1,"10":1,"11":1},"f":{"0":2,"1":1,"2":1},"b":{"0":[0,2],"1":[0],"2":[0]}}
,"D:\\Documents\\Private\\DNA\\Kemendagri\\develop\\skeleton-api\\src\\utils\\index.ts": {"path":"D:\\Documents\\Private\\DNA\\Kemendagri\\develop\\skeleton-api\\src\\utils\\index.ts","statementMap":{"0":{"start":{"line":5,"column":13},"end":{"line":12,"column":2}},"1":{"start":{"line":9,"column":4},"end":{"line":11,"column":null}},"2":{"start":{"line":10,"column":8},"end":{"line":10,"column":24}},"3":{"start":{"line":26,"column":13},"end":{"line":31,"column":2}},"4":{"start":{"line":27,"column":4},"end":{"line":30,"column":null}},"5":{"start":{"line":28,"column":40},"end":{"line":28,"column":45}},"6":{"start":{"line":29,"column":9},"end":{"line":29,"column":47}}},"fnMap":{"0":{"name":"(anonymous_0)","decl":{"start":{"line":5,"column":31},"end":{"line":5,"column":null}},"loc":{"start":{"line":8,"column":4},"end":{"line":12,"column":1}}},"1":{"name":"(anonymous_1)","decl":{"start":{"line":26,"column":27},"end":{"line":26,"column":28}},"loc":{"start":{"line":26,"column":63},"end":{"line":31,"column":1}}}},"branchMap":{},"s":{"0":1,"1":6,"2":21,"3":1,"4":3,"5":6,"6":6},"f":{"0":6,"1":3},"b":{}}
}
