TN:
SF:D:\Documents\Private\DNA\Kemendagri\develop\skeleton-api\dist\middleware\apiDocs.js
FN:2,(anonymous_0)
FN:8,(anonymous_1)
FNF:2
FNH:2
FNDA:2,(anonymous_0)
FNDA:3,(anonymous_1)
DA:2,1
DA:3,2
DA:5,1
DA:6,1
DA:7,1
DA:8,3
LF:6
LH:6
BRDA:2,0,0,1
BRDA:2,0,1,1
BRDA:2,0,2,1
BRDA:3,1,0,0
BRDA:3,1,1,2
BRDA:3,2,0,2
BRDA:3,2,1,2
BRF:7
BRH:6
end_of_record
TN:
SF:D:\Documents\Private\DNA\Kemendagri\develop\skeleton-api\dist\middleware\checks.js
FN:4,(anonymous_0)
FNF:1
FNH:1
FNDA:2,(anonymous_0)
DA:2,1
DA:3,1
DA:4,1
DA:5,2
DA:6,1
DA:9,1
LF:6
LH:6
BRDA:5,0,0,1
BRDA:5,0,1,1
BRF:2
BRH:2
end_of_record
TN:
SF:D:\Documents\Private\DNA\Kemendagri\develop\skeleton-api\dist\middleware\common.js
FN:2,(anonymous_0)
FN:9,(anonymous_1)
FN:10,(anonymous_2)
FN:14,(anonymous_3)
FNF:4
FNH:4
FNDA:3,(anonymous_0)
FNDA:3,(anonymous_1)
FNDA:3,(anonymous_2)
FNDA:3,(anonymous_3)
DA:2,1
DA:3,3
DA:5,1
DA:6,1
DA:7,1
DA:8,1
DA:9,3
DA:10,1
DA:11,3
DA:12,3
DA:14,1
DA:15,3
LF:12
LH:12
BRDA:2,0,0,1
BRDA:2,0,1,1
BRDA:2,0,2,1
BRDA:3,1,0,0
BRDA:3,1,1,3
BRDA:3,2,0,3
BRDA:3,2,1,3
BRF:7
BRH:6
end_of_record
TN:
SF:D:\Documents\Private\DNA\Kemendagri\develop\skeleton-api\dist\middleware\errorHandlers.js
FN:2,(anonymous_0)
FN:11,(anonymous_1)
FN:12,(anonymous_2)
FN:16,(anonymous_3)
FN:17,(anonymous_4)
FN:21,(anonymous_5)
FN:22,(anonymous_6)
FNF:7
FNH:6
FNDA:1,(anonymous_0)
FNDA:3,(anonymous_1)
FNDA:1,(anonymous_2)
FNDA:3,(anonymous_3)
FNDA:2,(anonymous_4)
FNDA:3,(anonymous_5)
FNDA:0,(anonymous_6)
DA:2,1
DA:3,1
DA:4,0
DA:5,0
DA:6,0
DA:7,0
DA:9,1
DA:10,1
DA:11,1
DA:12,3
DA:13,1
DA:16,1
DA:17,3
DA:18,2
DA:21,1
DA:22,3
DA:23,0
DA:26,1
LF:18
LH:13
BRDA:2,0,0,1
BRDA:2,0,1,1
BRDA:2,0,2,1
BRDA:3,1,0,1
BRDA:3,1,1,0
BRDA:3,2,0,1
BRDA:3,2,1,1
BRDA:5,3,0,0
BRDA:5,3,1,0
BRDA:5,4,0,0
BRDA:5,4,1,0
BRF:11
BRH:6
end_of_record
TN:
SF:D:\Documents\Private\DNA\Kemendagri\develop\skeleton-api\dist\middleware\index.js
FNF:0
FNH:0
DA:2,1
DA:3,1
DA:4,1
DA:5,1
LF:4
LH:4
BRF:0
BRH:0
end_of_record
TN:
SF:D:\Documents\Private\DNA\Kemendagri\develop\skeleton-api\dist\services\participant\EmailController.js
FN:2,(anonymous_0)
FN:3,adopt
FN:3,(anonymous_2)
FN:4,(anonymous_3)
FN:5,fulfilled
FN:6,rejected
FN:7,step
FN:12,(anonymous_7)
FN:12,(anonymous_8)
FN:13,emailChecker
FNF:10
FNH:9
FNDA:3,(anonymous_0)
FNDA:3,adopt
FNDA:3,(anonymous_2)
FNDA:3,(anonymous_3)
FNDA:3,fulfilled
FNDA:0,rejected
FNDA:6,step
FNDA:3,(anonymous_7)
FNDA:3,(anonymous_8)
FNDA:3,emailChecker
DA:2,2
DA:3,3
DA:4,3
DA:5,3
DA:6,0
DA:7,6
DA:8,3
DA:11,2
DA:12,3
DA:14,3
DA:16,3
DA:17,3
DA:18,0
DA:23,3
LF:14
LH:12
BRDA:2,0,0,2
BRDA:2,0,1,2
BRDA:2,0,2,2
BRDA:3,1,0,0
BRDA:3,1,1,3
BRDA:4,2,0,3
BRDA:4,2,1,3
BRDA:7,3,0,3
BRDA:7,3,1,3
BRDA:8,4,0,3
BRDA:8,4,1,3
BRDA:17,5,0,0
BRDA:17,5,1,3
BRF:13
BRH:11
end_of_record
TN:
SF:D:\Documents\Private\DNA\Kemendagri\develop\skeleton-api\dist\services\participant\routes.js
FN:2,(anonymous_0)
FN:3,adopt
FN:3,(anonymous_2)
FN:4,(anonymous_3)
FN:5,fulfilled
FN:6,rejected
FN:7,step
FN:18,(anonymous_7)
FN:18,(anonymous_8)
FN:27,(anonymous_9)
FN:27,(anonymous_10)
FNF:11
FNH:7
FNDA:1,(anonymous_0)
FNDA:1,adopt
FNDA:0,(anonymous_2)
FNDA:1,(anonymous_3)
FNDA:1,fulfilled
FNDA:0,rejected
FNDA:2,step
FNDA:0,(anonymous_7)
FNDA:0,(anonymous_8)
FNDA:1,(anonymous_9)
FNDA:1,(anonymous_10)
DA:2,1
DA:3,1
DA:4,1
DA:5,1
DA:6,0
DA:7,2
DA:8,1
DA:11,1
DA:12,1
DA:13,1
DA:14,1
DA:18,0
DA:19,0
DA:27,1
DA:28,1
DA:29,1
LF:16
LH:13
BRDA:2,0,0,1
BRDA:2,0,1,1
BRDA:2,0,2,1
BRDA:3,1,0,1
BRDA:3,1,1,0
BRDA:4,2,0,1
BRDA:4,2,1,1
BRDA:7,3,0,1
BRDA:7,3,1,1
BRDA:8,4,0,1
BRDA:8,4,1,1
BRF:11
BRH:10
end_of_record
TN:
SF:D:\Documents\Private\DNA\Kemendagri\develop\skeleton-api\dist\utils\ErrorHandler.js
FN:4,(anonymous_0)
FN:7,(anonymous_1)
FN:16,(anonymous_2)
FNF:3
FNH:2
FNDA:1,(anonymous_0)
FNDA:2,(anonymous_1)
FNDA:0,(anonymous_2)
DA:2,1
DA:3,1
DA:4,1
DA:5,1
DA:7,1
DA:8,2
DA:9,2
DA:10,2
DA:13,0
DA:16,1
DA:17,0
DA:18,0
DA:19,0
DA:22,0
LF:14
LH:9
BRDA:8,0,0,2
BRDA:8,0,1,0
BRDA:18,1,0,0
BRDA:18,1,1,0
BRF:4
BRH:1
end_of_record
TN:
SF:D:\Documents\Private\DNA\Kemendagri\develop\skeleton-api\dist\utils\httpErrors.js
FN:4,(anonymous_0)
FN:17,(anonymous_1)
FN:24,(anonymous_2)
FNF:3
FNH:3
FNDA:2,(anonymous_0)
FNDA:1,(anonymous_1)
FNDA:1,(anonymous_2)
DA:2,1
DA:5,2
DA:6,0
DA:9,2
DA:11,2
DA:12,2
DA:15,1
DA:18,1
DA:19,1
DA:22,1
DA:25,1
DA:26,1
DA:29,1
LF:13
LH:12
BRDA:5,0,0,0
BRDA:5,0,1,2
BRDA:17,1,0,0
BRDA:24,2,0,0
BRF:4
BRH:1
end_of_record
TN:
SF:D:\Documents\Private\DNA\Kemendagri\develop\skeleton-api\dist\utils\index.js
FN:3,(anonymous_0)
FN:8,(anonymous_1)
FNF:2
FNH:2
FNDA:6,(anonymous_0)
FNDA:3,(anonymous_1)
DA:2,1
DA:3,1
DA:4,6
DA:5,21
DA:8,1
DA:9,3
DA:10,6
DA:11,6
LF:8
LH:8
BRF:0
BRH:0
end_of_record
TN:
SF:D:\Documents\Private\DNA\Kemendagri\develop\skeleton-api\src\middleware\apiDocs.ts
FN:5,(anonymous_1)
FNF:1
FNH:1
FNDA:3,(anonymous_1)
DA:2,1
DA:3,1
DA:5,1
DA:6,3
LF:4
LH:4
BRF:0
BRH:0
end_of_record
TN:
SF:D:\Documents\Private\DNA\Kemendagri\develop\skeleton-api\src\middleware\checks.ts
FN:4,(anonymous_0)
FNF:1
FNH:1
FNDA:2,(anonymous_0)
DA:2,1
DA:4,1
DA:9,2
DA:10,1
DA:12,1
LF:5
LH:5
BRDA:9,0,0,1
BRDA:9,0,1,1
BRF:2
BRH:2
end_of_record
TN:
SF:D:\Documents\Private\DNA\Kemendagri\develop\skeleton-api\src\middleware\common.ts
FN:6,(anonymous_1)
FN:9,(anonymous_2)
FN:14,(anonymous_3)
FNF:3
FNH:3
FNDA:3,(anonymous_1)
FNDA:3,(anonymous_2)
FNDA:3,(anonymous_3)
DA:2,1
DA:3,1
DA:4,1
DA:6,1
DA:7,3
DA:9,1
DA:10,3
DA:11,3
DA:14,1
DA:15,3
LF:10
LH:10
BRF:0
BRH:0
end_of_record
TN:
SF:D:\Documents\Private\DNA\Kemendagri\develop\skeleton-api\src\middleware\errorHandlers.ts
FN:4,(anonymous_1)
FN:5,(anonymous_2)
FN:10,(anonymous_3)
FN:11,(anonymous_4)
FN:16,(anonymous_5)
FN:17,(anonymous_6)
FNF:6
FNH:5
FNDA:3,(anonymous_1)
FNDA:1,(anonymous_2)
FNDA:3,(anonymous_3)
FNDA:2,(anonymous_4)
FNDA:3,(anonymous_5)
FNDA:0,(anonymous_6)
DA:2,1
DA:4,1
DA:5,3
DA:6,1
DA:10,1
DA:11,3
DA:12,2
DA:16,1
DA:17,3
DA:18,0
DA:22,1
LF:11
LH:10
BRF:0
BRH:0
end_of_record
TN:
SF:D:\Documents\Private\DNA\Kemendagri\develop\skeleton-api\src\middleware\index.ts
FNF:0
FNH:0
DA:1,1
DA:2,1
DA:4,1
LF:3
LH:3
BRF:0
BRH:0
end_of_record
TN:
SF:D:\Documents\Private\DNA\Kemendagri\develop\skeleton-api\src\services\participant\EmailController.ts
FN:1,(anonymous_7)
FN:1,(anonymous_8)
FN:2,emailChecker
FNF:3
FNH:3
FNDA:3,(anonymous_7)
FNDA:3,(anonymous_8)
FNDA:3,emailChecker
DA:1,3
DA:3,3
DA:6,3
DA:7,3
DA:8,0
DA:13,3
LF:6
LH:5
BRDA:7,0,0,0
BRDA:7,0,1,3
BRF:2
BRH:1
end_of_record
TN:
SF:D:\Documents\Private\DNA\Kemendagri\develop\skeleton-api\src\services\participant\routes.ts
FN:9,(anonymous_7)
FN:9,(anonymous_8)
FN:18,(anonymous_9)
FN:18,(anonymous_10)
FNF:4
FNH:2
FNDA:0,(anonymous_7)
FNDA:0,(anonymous_8)
FNDA:1,(anonymous_9)
FNDA:1,(anonymous_10)
DA:2,1
DA:3,1
DA:5,1
DA:9,0
DA:10,0
DA:18,1
DA:19,1
DA:20,1
LF:8
LH:6
BRF:0
BRH:0
end_of_record
TN:
SF:D:\Documents\Private\DNA\Kemendagri\develop\skeleton-api\src\utils\ErrorHandler.ts
FN:4,(anonymous_0)
FN:8,(anonymous_1)
FN:17,(anonymous_2)
FNF:3
FNH:2
FNDA:1,(anonymous_0)
FNDA:2,(anonymous_1)
FNDA:0,(anonymous_2)
DA:2,1
DA:4,1
DA:5,1
DA:8,1
DA:9,2
DA:10,2
DA:11,2
DA:13,0
DA:17,1
DA:18,0
DA:19,0
DA:20,0
DA:22,0
LF:13
LH:8
BRDA:9,0,0,2
BRDA:9,0,1,0
BRDA:19,1,0,0
BRDA:19,1,1,0
BRF:4
BRH:1
end_of_record
TN:
SF:D:\Documents\Private\DNA\Kemendagri\develop\skeleton-api\src\utils\httpErrors.ts
FN:5,(anonymous_0)
FN:19,(anonymous_1)
FN:27,(anonymous_2)
FNF:3
FNH:3
FNDA:2,(anonymous_0)
FNDA:1,(anonymous_1)
FNDA:1,(anonymous_2)
DA:1,1
DA:6,2
DA:7,0
DA:9,2
DA:11,2
DA:12,2
DA:16,1
DA:17,1
DA:20,1
DA:24,1
DA:25,1
DA:28,1
LF:12
LH:11
BRDA:6,0,0,0
BRDA:6,0,1,2
BRDA:19,1,0,0
BRDA:27,2,0,0
BRF:4
BRH:1
end_of_record
TN:
SF:D:\Documents\Private\DNA\Kemendagri\develop\skeleton-api\src\utils\index.ts
FN:5,(anonymous_0)
FN:26,(anonymous_1)
FNF:2
FNH:2
FNDA:6,(anonymous_0)
FNDA:3,(anonymous_1)
DA:5,1
DA:9,6
DA:10,21
DA:26,1
DA:27,3
DA:28,6
DA:29,6
LF:7
LH:7
BRF:0
BRH:0
end_of_record
